<?xml version="1.0" encoding="UTF-8"?>
<coverage generated="1678568667011" clover="3.2.0">
  <project timestamp="1678568667011" name="All files">
    <metrics statements="14" coveredstatements="10" conditionals="0" coveredconditionals="0" methods="10" coveredmethods="6" elements="24" coveredelements="16" complexity="0" loc="14" ncloc="14" packages="3" files="5" classes="5"/>
    <package name="components">
      <metrics statements="2" coveredstatements="2" conditionals="0" coveredconditionals="0" methods="1" coveredmethods="1"/>
      <file name="AccountInfo.tsx" path="/Users/evangeer/MITxPro_MERN/Portfolio/MITxMERN-ATM/bad-bank/src/components/AccountInfo.tsx">
        <metrics statements="2" coveredstatements="2" conditionals="0" coveredconditionals="0" methods="1" coveredmethods="1"/>
        <line num="8" count="6" type="stmt"/>
        <line num="11" count="6" type="stmt"/>
      </file>
    </package>
    <package name="pages">
      <metrics statements="10" coveredstatements="6" conditionals="0" coveredconditionals="0" methods="8" coveredmethods="4"/>
      <file name="AtmMenu.tsx" path="/Users/evangeer/MITxPro_MERN/Portfolio/MITxMERN-ATM/bad-bank/src/pages/AtmMenu.tsx">
        <metrics statements="6" coveredstatements="2" conditionals="0" coveredconditionals="0" methods="5" coveredmethods="1"/>
        <line num="8" count="2" type="stmt"/>
        <line num="10" count="2" type="stmt"/>
        <line num="18" count="0" type="stmt"/>
        <line num="28" count="0" type="stmt"/>
        <line num="37" count="0" type="stmt"/>
        <line num="41" count="0" type="stmt"/>
      </file>
      <file name="Deposit.tsx" path="/Users/evangeer/MITxPro_MERN/Portfolio/MITxMERN-ATM/bad-bank/src/pages/Deposit.tsx">
        <metrics statements="1" coveredstatements="1" conditionals="0" coveredconditionals="0" methods="1" coveredmethods="1"/>
        <line num="6" count="1" type="stmt"/>
      </file>
      <file name="Withdrawal.tsx" path="/Users/evangeer/MITxPro_MERN/Portfolio/MITxMERN-ATM/bad-bank/src/pages/Withdrawal.tsx">
        <metrics statements="3" coveredstatements="3" conditionals="0" coveredconditionals="0" methods="2" coveredmethods="2"/>
        <line num="10" count="2" type="stmt"/>
        <line num="12" count="2" type="stmt"/>
        <line num="31" count="5" type="stmt"/>
      </file>
    </package>
    <package name="testing">
      <metrics statements="2" coveredstatements="2" conditionals="0" coveredconditionals="0" methods="1" coveredmethods="1"/>
      <file name="TestWrapper.tsx" path="/Users/evangeer/MITxPro_MERN/Portfolio/MITxMERN-ATM/bad-bank/src/testing/TestWrapper.tsx">
        <metrics statements="2" coveredstatements="2" conditionals="0" coveredconditionals="0" methods="1" coveredmethods="1"/>
        <line num="8" count="6" type="stmt"/>
        <line num="16" count="6" type="stmt"/>
      </file>
    </package>
  </project>
</coverage>
